     /-??-/_____________________________\-??-\
    /-??-/       Point Blank AUTH        \-??-\
   /-??-/         by MoMz Games           \-??-\
/-??-/_______________________________________\-??-\
|-??-|__________| Release date |______________|-??-|
|-??-|         '26/08/2018 12:52'             |-??-|
|-??-|   Sintam inveja, não nos atinge        |-??-|
|-??-|________________________________________|-??-|
System.Net.Sockets.SocketException (0x80004005): No connection could be made because the target machine actively refused it
   at Npgsql.NpgsqlConnector.Connect(NpgsqlTimeout timeout)
   at Npgsql.NpgsqlConnector.<RawOpen>d__153.MoveNext()
--- End of stack trace from previous location where exception was thrown ---
   at System.Runtime.ExceptionServices.ExceptionDispatchInfo.Throw()
   at System.Runtime.CompilerServices.TaskAwaiter.HandleNonSuccessAndDebuggerNotification(Task task)
   at Npgsql.NpgsqlConnector.<Open>d__149.MoveNext()
--- End of stack trace from previous location where exception was thrown ---
   at System.Runtime.ExceptionServices.ExceptionDispatchInfo.Throw()
   at Npgsql.ConnectorPool.<AllocateLong>d__19.MoveNext()
--- End of stack trace from previous location where exception was thrown ---
   at System.Runtime.ExceptionServices.ExceptionDispatchInfo.Throw()
   at System.Runtime.CompilerServices.TaskAwaiter.HandleNonSuccessAndDebuggerNotification(Task task)
   at Npgsql.NpgsqlConnection.<>c__DisplayClass32_0.<<Open>g__OpenLong|0>d.MoveNext()
--- End of stack trace from previous location where exception was thrown ---
   at System.Runtime.ExceptionServices.ExceptionDispatchInfo.Throw()
   at System.Runtime.CompilerServices.TaskAwaiter.HandleNonSuccessAndDebuggerNotification(Task task)
   at Npgsql.NpgsqlConnection.Open()
   at Core.managers.server.ServerConfigSyncer.GenerateConfig(Int32 configId)
